#
# There is insufficient memory for the Java Runtime Environment to continue.
# Native memory allocation (mmap) failed to map 132120576 bytes for Failed to commit area from 0x0000000082600000 to 0x000000008a400000 of length 132120576.
# Possible reasons:
#   The system is out of physical RAM or swap space
#   The process is running with CompressedOops enabled, and the Java Heap may be blocking the growth of the native heap
# Possible solutions:
#   Reduce memory load on the system
#   Increase physical memory or swap space
#   Check if swap backing store is full
#   Decrease Java heap size (-Xmx/-Xms)
#   Decrease number of Java threads
#   Decrease Java thread stack sizes (-Xss)
#   Set larger code cache with -XX:ReservedCodeCacheSize=
# This output file may be truncated or incomplete.
#
#  Out of Memory Error (./src/hotspot/os/windows/os_windows.cpp:3301), pid=11020, tid=17656
#
# JRE version:  (11.0.10+9) (build )
# Java VM: Dynamic Code Evolution 64-Bit Server VM (11.0.10+9-b1341.41, mixed mode, sharing, tiered, compressed oops, g1 gc, windows-amd64)
# No core dump will be written. Minidumps are not enabled by default on client versions of Windows
#

---------------  S U M M A R Y ------------

Command Line: org.jetbrains.git4idea.http.GitAskPassApp Username for 'https://github.com': 

Host: Intel(R) Core(TM) i5-8265U CPU @ 1.60GHz, 8 cores, 7G,  Windows 10 , 64 bit Build 19041 (10.0.19041.1202)
Time: Tue Nov  9 21:42:21 2021 中国标准时间 elapsed time: 0.011036 seconds (0d 0h 0m 0s)

---------------  T H R E A D  ---------------

Current thread (0x0000020b864cc000):  JavaThread "Unknown thread" [_thread_in_vm, id=17656, stack(0x000000b884700000,0x000000b884800000)]

Stack: [0x000000b884700000,0x000000b884800000]
Native frames: (J=compiled Java code, j=interpreted, Vv=VM code, C=native code)
V  [jvm.dll+0x5f84fa]
V  [jvm.dll+0x77e085]
V  [jvm.dll+0x77f5dd]
V  [jvm.dll+0x77fc93]
V  [jvm.dll+0x2457e8]
V  [jvm.dll+0x5f58f4]
V  [jvm.dll+0x5ea975]
V  [jvm.dll+0x30228b]
V  [jvm.dll+0x3021fa]
V  [jvm.dll+0x3020d2]
V  [jvm.dll+0x306fb6]
V  [jvm.dll+0x34f843]
V  [jvm.dll+0x34ff46]
V  [jvm.dll+0x34f943]
V  [jvm.dll+0x2dbcb8]
V  [jvm.dll+0x2dce57]
V  [jvm.dll+0x75c4d7]
V  [jvm.dll+0x75dd6c]
V  [jvm.dll+0x35cdb9]
V  [jvm.dll+0x73fc9e]
V  [jvm.dll+0x3c5663]
V  [jvm.dll+0x3c7a21]
C  [jli.dll+0x5373]
C  [ucrtbase.dll+0x21bb2]
C  [KERNEL32.DLL+0x17034]
C  [ntdll.dll+0x52651]


---------------  P R O C E S S  ---------------

Threads class SMR info:
_java_thread_list=0x0000020b843e25d0, length=0, elements={
}

Java Threads: ( => current thread )

Other Threads:
  0x0000020b864e6000 GCTaskThread "GC Thread#0" [stack: 0x000000b884800000,0x000000b884900000] [id=15540]
  0x0000020b86517000 ConcurrentGCThread "G1 Main Marker" [stack: 0x000000b884900000,0x000000b884a00000] [id=7308]
  0x0000020b86519800 ConcurrentGCThread "G1 Conc#0" [stack: 0x000000b884a00000,0x000000b884b00000] [id=14312]

[error occurred during error reporting (printing all threads), id 0xc0000005, EXCEPTION_ACCESS_VIOLATION (0xc0000005) at pc=0x00007ffee63ac437]

VM state:not at safepoint (not fully initialized)

VM Mutex/Monitor currently owned by a thread:  ([mutex/lock_event])
[0x0000020b864cb090] Heap_lock - owner thread: 0x0000020b864cc000

Heap address: 0x0000000082600000, size: 2010 MB, Compressed Oops mode: Non-zero based: 0x0000000082600000
Narrow klass base: 0x0000000000000000, Narrow klass shift: 0

GC Heap History (0 events):
No events

Deoptimization events (0 events):
No events

Classes redefined (0 events):
No events

Internal exceptions (0 events):
No events

Events (1 events):
Event: 0.006 Loaded shared library D:\JetBrains\IntelliJ IDEA 2021.1.1\jbr\bin\zip.dll


Dynamic libraries:
0x00007ff6f58a0000 - 0x00007ff6f58aa000 	D:\JetBrains\IntelliJ IDEA 2021.1.1\jbr\bin\java.exe
0x00007fff69990000 - 0x00007fff69b85000 	C:\Windows\SYSTEM32\ntdll.dll
0x00007fff685c0000 - 0x00007fff6867e000 	C:\Windows\System32\KERNEL32.DLL
0x00007fff670b0000 - 0x00007fff67379000 	C:\Windows\System32\KERNELBASE.dll
0x00007fff678e0000 - 0x00007fff679e0000 	C:\Windows\System32\ucrtbase.dll
0x00007fff5e0c0000 - 0x00007fff5e0d9000 	D:\JetBrains\IntelliJ IDEA 2021.1.1\jbr\bin\jli.dll
0x00007fff4b790000 - 0x00007fff4b7a7000 	D:\JetBrains\IntelliJ IDEA 2021.1.1\jbr\bin\VCRUNTIME140.dll
0x00007fff67a90000 - 0x00007fff67c31000 	C:\Windows\System32\USER32.dll
0x00007fff67730000 - 0x00007fff67752000 	C:\Windows\System32\win32u.dll
0x00007fff42c40000 - 0x00007fff42eda000 	C:\Windows\WinSxS\amd64_microsoft.windows.common-controls_6595b64144ccf1df_6.0.19041.1110_none_60b5254171f9507e\COMCTL32.dll
0x00007fff67c40000 - 0x00007fff67c6b000 	C:\Windows\System32\GDI32.dll
0x00007fff697a0000 - 0x00007fff6983e000 	C:\Windows\System32\msvcrt.dll
0x00007fff675c0000 - 0x00007fff676cb000 	C:\Windows\System32\gdi32full.dll
0x00007fff67840000 - 0x00007fff678dd000 	C:\Windows\System32\msvcp_win.dll
0x00007fff69550000 - 0x00007fff69580000 	C:\Windows\System32\IMM32.DLL
0x00007fff13c00000 - 0x00007fff13c9d000 	D:\JetBrains\IntelliJ IDEA 2021.1.1\jbr\bin\msvcp140.dll
0x00007ffee60c0000 - 0x00007ffee6c0f000 	D:\JetBrains\IntelliJ IDEA 2021.1.1\jbr\bin\server\jvm.dll
0x00007fff67c80000 - 0x00007fff67d2c000 	C:\Windows\System32\ADVAPI32.dll
0x00007fff698b0000 - 0x00007fff6994b000 	C:\Windows\System32\sechost.dll
0x00007fff69610000 - 0x00007fff6973a000 	C:\Windows\System32\RPCRT4.dll
0x00007fff67c70000 - 0x00007fff67c78000 	C:\Windows\System32\PSAPI.DLL
0x00007fff65120000 - 0x00007fff65147000 	C:\Windows\SYSTEM32\WINMM.dll
0x00007fff611f0000 - 0x00007fff611fa000 	C:\Windows\SYSTEM32\VERSION.dll
0x00007fff480a0000 - 0x00007fff480a9000 	C:\Windows\SYSTEM32\WSOCK32.dll
0x00007fff69430000 - 0x00007fff6949b000 	C:\Windows\System32\WS2_32.dll
0x00007fff65980000 - 0x00007fff65992000 	C:\Windows\SYSTEM32\kernel.appcore.dll
0x00007fff606e0000 - 0x00007fff606f1000 	D:\JetBrains\IntelliJ IDEA 2021.1.1\jbr\bin\verify.dll
0x00007fff64cc0000 - 0x00007fff64ea4000 	C:\Windows\SYSTEM32\DBGHELP.DLL
0x00007fff4fdd0000 - 0x00007fff4fdfc000 	C:\Windows\SYSTEM32\dbgcore.DLL
0x00007fff674e0000 - 0x00007fff67563000 	C:\Windows\System32\bcryptPrimitives.dll
0x00007fff60420000 - 0x00007fff60449000 	D:\JetBrains\IntelliJ IDEA 2021.1.1\jbr\bin\java.dll
0x00007fff61c90000 - 0x00007fff61c9b000 	D:\JetBrains\IntelliJ IDEA 2021.1.1\jbr\bin\jimage.dll
0x00007fff5ffe0000 - 0x00007fff5fff8000 	D:\JetBrains\IntelliJ IDEA 2021.1.1\jbr\bin\zip.dll

dbghelp: loaded successfully - version: 4.0.5 - missing functions: none
symbol engine: initialized successfully - sym options: 0x614 - pdb path: .;D:\JetBrains\IntelliJ IDEA 2021.1.1\jbr\bin;C:\Windows\SYSTEM32;C:\Windows\WinSxS\amd64_microsoft.windows.common-controls_6595b64144ccf1df_6.0.19041.1110_none_60b5254171f9507e;D:\JetBrains\IntelliJ IDEA 2021.1.1\jbr\bin\server

VM Arguments:
java_command: org.jetbrains.git4idea.http.GitAskPassApp Username for 'https://github.com': 
java_class_path (initial): D:/JetBrains/IntelliJ IDEA 2021.1.1/plugins/git4idea/lib/git4idea-rt.jar;D:/JetBrains/IntelliJ IDEA 2021.1.1/lib/xmlrpc-2.0.1.jar;D:/JetBrains/IntelliJ IDEA 2021.1.1/lib/commons-codec-1.15.jar
Launcher Type: SUN_STANDARD

[Global flags]
     intx CICompilerCount                          = 4                                         {product} {ergonomic}
     uint ConcGCThreads                            = 2                                         {product} {ergonomic}
     uint G1ConcRefinementThreads                  = 8                                         {product} {ergonomic}
   size_t G1HeapRegionSize                         = 1048576                                   {product} {ergonomic}
    uintx GCDrainStackTargetSize                   = 64                                        {product} {ergonomic}
   size_t InitialHeapSize                          = 132120576                                 {product} {ergonomic}
   size_t MarkStackSize                            = 4194304                                   {product} {ergonomic}
   size_t MaxHeapSize                              = 2107637760                                {product} {ergonomic}
   size_t MinHeapDeltaBytes                        = 1048576                                   {product} {ergonomic}
    uintx NonNMethodCodeHeapSize                   = 5836300                                {pd product} {ergonomic}
    uintx NonProfiledCodeHeapSize                  = 122910970                              {pd product} {ergonomic}
    uintx ProfiledCodeHeapSize                     = 122910970                              {pd product} {ergonomic}
    uintx ReservedCodeCacheSize                    = 251658240                              {pd product} {ergonomic}
     bool SegmentedCodeCache                       = true                                      {product} {ergonomic}
     bool UseCompressedClassPointers               = true                                 {lp64_product} {ergonomic}
     bool UseCompressedOops                        = true                                 {lp64_product} {ergonomic}
     bool UseG1GC                                  = true                                      {product} {ergonomic}
     bool UseLargePagesIndividualAllocation        = false                                  {pd product} {ergonomic}

Logging:
Log output configuration:
 #0: stdout all=warning uptime,level,tags
 #1: stderr all=off uptime,level,tags

Environment Variables:
JAVA_HOME=D:\jdk\jdk14\jdk-14.0.1
CLASSPATH= .;D:\jdk\jdk14\jdk-14.0.1\lib;D:\jdk\jdk14\jdk-14.0.1\lib\tools.jar;D:\Projects\apache-tomcat-8.5.65\lib\servlet-api.jar;
PATH=D:\Git\mingw64\libexec\git-core;D:\Git\mingw64\libexec\git-core;D:\Git\mingw64\bin;D:\Git\usr\bin;C:\Users\HUAWEI\bin;D:\oracle19c\WINDOWS.X64_193000_db_home\bin;D:\Python3;C:\Windows\system32;C:\Windows;C:\Windows\System32\Wbem;C:\Windows\System32\WindowsPowerShell\v1.0;C:\Windows\System32\OpenSSH;C:\Program Files (x86)\NVIDIA Corporation\PhysX\Common;C:\Program Files\NVIDIA Corporation\NVIDIA NvDLISR;D:\Projects\apache-maven-3.8.1\bin;D:\jdk\jdk14\jdk-14.0.1\bin;D:\jdk\jdk14\jdk-14.0.1\jre\bin;D:\Program Files\nodejs;D:\Program Files\nodejs\node_global;D:\Projects\apache-tomcat-8.5.65\lib;D:\Projects\apache-tomcat-8.5.65\bin;D:\MySQL\mysql-5.7.33-winx64\bin;D:\Projects\apache-maven-3.8.1\bin;D:\Go\bin;D:\Microsoft SQL Server\Client SDK\ODBC\110\Tools\Binn;C:\Program Files (x86)\Microsoft SQL Server\120\Tools\Binn;D:\Microsoft SQL Server\120\Tools\Binn;D:\Microsoft SQL Server\120\DTS\Binn;C:\Program Files (x86)\Microsoft SQL Server\120\Tools\Binn\ManagementStudio;C:\Program Files (x86)\Microsoft SQL Server\120\DTS\Binn;D:\Program Files\PuTTY;D:\Python3\Scripts;D:\Python3;C:\Users\HUAWEI\AppData\Local\Microsoft\WindowsApps;C:\Users\HUAWEI\AppData\Roaming\npm;D:\Microsoft VS Code\bin;D:\JetBrains\IntelliJ IDEA 2021.1.1\bin;D:\JetBrains\PyCharm 2021.1.1\bin;D:\JetBrains\GoLand 2021.1.1\bin;D:\JetBrains\WebStorm 2021.1.1\bin;C:\Users\HUAWEI\AppData\Local\GitHubDesktop\bin;C:\Users\HUAWEI\go\bin
USERNAME=HUAWEI
DISPLAY=:0.0
LC_ALL=en_US.UTF-8
OS=Windows_NT
PROCESSOR_IDENTIFIER=Intel64 Family 6 Model 142 Stepping 12, GenuineIntel



---------------  S Y S T E M  ---------------

OS: Windows 10 , 64 bit Build 19041 (10.0.19041.1202)
OS uptime: 0 days 13:44 hours

CPU:total 8 (initial active 8) (4 cores per cpu, 2 threads per core) family 6 model 142 stepping 12 microcode 0xde, cmov, cx8, fxsr, mmx, sse, sse2, sse3, ssse3, sse4.1, sse4.2, popcnt, avx, avx2, aes, clmul, erms, 3dnowpref, lzcnt, ht, tsc, tscinvbit, bmi1, bmi2, adx, fma

Memory: 4k page, system-wide physical 8037M (340M free)
TotalPageFile size 18274M (AvailPageFile size 31M)
current process WorkingSet (physical memory assigned to process): 10M, peak: 10M
current process commit charge ("private bytes"): 60M, peak: 185M

vm_info: Dynamic Code Evolution 64-Bit Server VM (11.0.10+9-b1341.41) for windows-amd64 JRE (11.0.10+9-b1341.41), built on Apr 17 2021 07:18:15 by "" with MS VC++ 14.0 (VS2015)

END.
